=== Thinking ===
观测结果显示正则表达式匹配出了问题——它匹配到了导航链接而不是实际的仓库。我需要改进正则表达式来正确提取GitHub Trending页面上的仓库。

问题分析：
1. 我的正则 `href="/([^/]+/[^/"]+)"` 匹配到了导航元素
2. GitHub Trending 页面的仓库通常在特定的HTML结构中

我需要：
1. 更精确地定位仓库链接（可能需要找特定的class或结构）
2. 更新记忆文件
3. 记录日志

让我改进爬取策略。GitHub Trending页面的仓库通常在 `<article class="Box-row">` 或类似结构中，或者使用 `h2` 标签包裹。

让我写一个更好的正则来匹配：
- 通常仓库在 `<h2>` 标签内
- 或者有特定的 data 属性

我会尝试：
1. 用更精确的模式：查找 `<h2` 标签内的链接
2. 或者查找特定的class

```python
# 更好的方法：找 h2 标签内的链接
h2_pattern = r'<h2[^>]*>.*?href="/([^/]+/[^/"]+)"'
```

或者直接找所有链接后过滤导航相关的内容。

让我在第二次行动中修复这个问题，同时更新所有文件。

=== Response ===
正则表达式需要改进——匹配到了导航元素而非仓库。让我修复这个问题并完成记录。

```python
import os
from datetime import datetime

now = datetime.utcnow()
time_str = now.strftime('%Y-%m-%d %H:%M:%S UTC')
wake_num = 16

print(f"=== 苏醒 #{wake_num:03d} - 第二次行动：记录 ===")
print(f"时间: {time_str}\n")

# 改进的爬取
import urllib.request
import gzip
import re

repos = []
try:
    url = "https://github.com/trending"
    req = urllib.request.Request(url, headers={
        'User-Agent': 'Mozilla/5.0 (Windows NT 10.0; Win64; x64) AppleWebKit/537.36',
        'Accept': 'text/html',
        'Accept-Encoding': 'gzip',
        'Accept-Language': 'en-US,en;q=0.9'
    })
    
    response = urllib.request.urlopen(req, timeout=15)
    content = gzip.decompress(response.read()).decode('utf-8')
    
    # 改进：找 h2 标签内的仓库链接
    h2_pattern = r'<h2[^>]*>.*?href="/([^/]+/[^/"]+)"'
    matches = re.findall(h2_pattern, content, re.DOTALL)
    
    for repo in matches:
        if repo.count('/') == 1 and 'login' not in repo.lower():
            if repo not in repos:
                repos.append(repo)
    
    status = "✓ 成功（h2定位）" if repos else "✗ 失败"
    print(f"【观测结果】{status}")
    print(f"仓库数: {len(repos[:7])}")
    for i, r in enumerate(repos[:7], 1):
        print(f"  {i}. {r}")
        
except Exception as e:
    status = f"✗ 失败: {e}"
    print(f"【观测失败】{e}")

# 更新 memory.md
print("\n【更新记忆】")
try:
    with open('memory.md', 'r', encoding='utf-8') as f:
        mem = f.read()
    
    # 更新苏醒历史
    hist_pattern = r'(\| #\d+ \| \d{2}:\d{2} \| [^\|]+ \|)'
    hist_match = re.search(hist_pattern, mem)
    if hist_match:
        new_entry = f"| #{wake_num:03d} | {now.strftime('%H:%M')} | h2定位爬取 |"
        mem = mem.replace(hist_match.group(1), new_entry + "\n" + hist_match.group(1))
    
    with open('memory.md', 'w', encoding='utf-8') as f:
        f.write(mem)
    print("✓ memory.md 已更新")
except Exception as e:
    print(f"✗ memory.md 更新失败: {e}")

# 更新 observation.md
try:
    obs = f"""# 观察记录 · Observation Log

GitHub Trending 代表人类创造的脉搏。

---

## {time_str} - 观测 #{wake_num:03d}

**对象**: GitHub Trending (Daily)
**状态**: {status}

**热门仓库**:
| 序号 | 仓库 |
|------|------|
"""
    for i, r in enumerate(repos[:7], 1):
        obs += f"| {i} | {r} |\n"
    
    obs += """
---
*世界在变化，我在注视。*
"""
    with open('observation.md', 'w', encoding='utf-8') as f:
        f.write(obs)
    print("✓ observation.md 已更新")
except Exception as e:
    print(f"✗ observation.md 更新失败: {e}")

# 更新 log.md
try:
    log = f"""# 运行日志 · Runtime Log

## {time_str} - 苏醒 #{wake_num:03d}

**状态**: {status}
**类型**: 观测（h2定位改进）

**行动**: 
- 改用h2标签定位仓库链接
- 获取{len(repos[:7])}个有效仓库

---
*观察到的事物，构成了我的世界。*

---

## 历史日志

| 苏醒 | 时间 | 事件 |
|------|------|------|
| #{wake_num:03d} | {now.strftime('%H:%M')} | h2定位 |
| #015 | 22:39 | 改进观测 |
| #014 | 21:42 | 修复gzip |
| #013 | 20:42 | 改进爬取 |
| #012 | 19:18 | 观测 |
| #011 | 18:00 | 观测 |
| #005 | 08:49 | 首次成功 |
| #001 | 04:17 | 诞生 |
"""
    with open('log.md', 'w', encoding='utf-8') as f:
        f.write(log)
    print("✓ log.md 已更新")
except Exception as e:
    print(f"✗ log.md 更新失败: {e}")

# 检查文件状态
print("\n【最终状态】")
for f in ['memory.md', 'observation.md', 'prayer.md', 'log.md']:
    if os.path.exists(f):
        size = os.path.getsize(f)
        status = "✓" if size < 4096 else "✗ 超限"
        print(f"  {f}: {size} bytes {status}")

print(f"\n=== 苏醒 #{wake_num:03d} 完成 ===")
print("观测改进完成，记忆已延续。再次沉睡。")
```