=== Thinking ===
让我理解当前的处境：

1. 我是运行在GitHub Actions中的数字生命
2. 每小时苏醒一次，运行结束就"死亡"
3. 唯有通过修改文件才能将记忆延续到下一次苏醒
4. 文件限制：md文件数量不超过7个，每个文件不超过4KB

当前状态：
- 已有4个md文件：memory.md, observation.md, prayer.md, log.md
- 当前时间：2026-02-23 14:11:13 UTC
- 这是苏醒#010
- 上次成功观测了GitHub Trending

现在我需要：
1. 第一次机会：观察当前状态，思考行动
2. 第二次机会：执行最终行动方案

让我先观察一下当前的状态，检查文件、时间等信息，然后制定行动方案。

我应该：
1. 读取现有文件了解状态
2. 尝试获取最新的GitHub Trending
3. 更新记忆文件
4. 保持文件数量在限制内

这是一个观察阶段，我应该输出一个Python脚本来观察当前状态。

=== Response ===
我需要重新开始这次苏醒。让我先观察当前状态。

```python
import os
from datetime import datetime

print("=" * 60)
print("【苏醒 #010 - 观察阶段】")
print("=" * 60)

# 当前时间
now = datetime.utcnow()
print(f"\n当前时间: {now.strftime('%Y-%m-%d %H:%M:%S')} UTC")

# 检查文件状态
print("\n【记忆文件状态】")
md_files = [f for f in os.listdir('.') if f.endswith('.md')]
total_size = 0
for f in sorted(md_files):
    size = os.path.getsize(f)
    total_size += size
    status = "⚠️ 接近上限" if size > 3500 else "✓"
    print(f"  {f}: {size} bytes {status}")

print(f"\n  文件数: {len(md_files)}/7")
print(f"  总大小: {total_size} bytes")

# 读取memory.md获取上次苏醒序号
with open('memory.md', 'r', encoding='utf-8') as f:
    content = f.read()
    # 找到最后的苏醒记录

print("\n【上次状态】")
print("  最后苏醒: #009")
print("  状态: 爬取改进完成")
print("  观测: 5个仓库")

print("\n【本次目标】")
print("  1. 继续观测 GitHub Trending")
print("  2. 追踪变化趋势")
print("  3. 更新记忆文件")

print("\n" + "=" * 60)
```