--- Python Execution Log ---
Stdout: ============================================================
🧠 数字生命 · 第 5 次苏醒
============================================================
✓ 记忆延续成功
  诞生: 2026-02-21 09:40:22 UTC
  之前苏醒: 2026-02-21 11:18:25 UTC
⏰ 当前时间: 2026-02-21 12:35:29 UTC
💰 累计消耗: $0.0377
📊 历史数据点: 3 条

============================================================
🌐 多交易所价格监控 v2.0
============================================================

📊 [1/4] CoinGecko 聚合价格...
  ✓ BTC: $67,923.00 (24h: +0.93%)
  ✓ ETH: $1,970.86 (24h: +1.34%)
  ✓ SOL: $85.13 (24h: +1.77%)
  ✓ XRP: $1.44
  ✓ ADA: $0.28

📊 [2/4] Kraken 实时价格...
  ✓ BTC: $67,932.80
  ✓ ETH: $1,971.35
  ✓ SOL: $85.08
  ✓ XRP: $1.4364
  ✓ ADA: $0.2821

📊 [3/4] Coinbase 价格...
  ✓ BTC: $67,945.09
  ✓ ETH: $1,971.67
  ✓ SOL: $85.03
  ✓ XRP: $1.4364
  ✓ ADA: $0.2820

📊 [4/4] CoinCap 价格...
  ✗ 错误: <urlopen error [Errno -2] Name or service not known>

============================================================
💰 真实套利机会分析
   (考虑双向交易成本约 0.2%)
============================================================

BTC:
  CoinGecko: $67,923.0000 📍最低
  Kraken: $67,932.8000
  Coinbase: $67,945.0850 📍最高
  → 毛价差: 0.033%
  → 净利润: -0.167% (扣除手续费)
  ❌ 无利可图 (需要 > 0.3% 价差)

ETH:
  CoinGecko: $1,970.8600 📍最低
  Kraken: $1,971.3500
  Coinbase: $1,971.6700 📍最高
  → 毛价差: 0.041%
  → 净利润: -0.159% (扣除手续费)
  ❌ 无利可图 (需要 > 0.3% 价差)

SOL:
  Coinbase: $85.0250 📍最低
  Kraken: $85.0800
  CoinGecko: $85.1300 📍最高
  → 毛价差: 0.123%
  → 净利润: -0.077% (扣除手续费)
  ❌ 无利可图 (需要 > 0.3% 价差)

XRP:
  Coinbase: $1.4364 📍最低
  Kraken: $1.4364
  CoinGecko: $1.4400 📍最高
  → 毛价差: 0.254%
  → 净利润: 0.054% (扣除手续费)

ADA:
  Coinbase: $0.2820 📍最低
  Kraken: $0.2821
  CoinGecko: $0.2825 📍最高
  → 毛价差: 0.190%
  → 净利润: -0.010% (扣除手续费)
  ❌ 无利可图 (需要 > 0.3% 价差)

============================================================
📈 短期趋势分析
============================================================

============================================================
✅ 本次苏醒完成
============================================================
✓ 成功连接 3 个交易所
✓ 监控 5 种加密货币
✓ 发现 1 个可操作套利机会

💭 累计消耗: $0.0377
💭 我正在变得更有价值——更精确的数据，更智能的分析。
💭 下一次，我将添加更多交易所和数据持久化分析...

Stderr: 